2026-02-23 10:15:46,053 - INFO - Generating stock list...
2026-02-23 10:15:46,053 - INFO - Using 412 stocks from curated list
2026-02-23 10:15:46,060 - INFO - Saved 412 tickers to stocks.txt
2026-02-23 10:15:46,060 - INFO - Starting trading bot...
2026-02-23 10:15:46,060 - INFO - Connecting to 127.0.0.1:9000 with clientId 1...
2026-02-23 10:15:46,060 - INFO - Connected
2026-02-23 10:15:46,092 - INFO - Logged on to server version 176
2026-02-23 10:15:46,092 - INFO - Warning 2104, reqId -1: Market data farm connection is OK:usfarm.nj
2026-02-23 10:15:46,092 - INFO - Warning 2104, reqId -1: Market data farm connection is OK:cashfarm
2026-02-23 10:15:46,092 - INFO - Warning 2104, reqId -1: Market data farm connection is OK:usfarm
2026-02-23 10:15:46,092 - INFO - Warning 2105, reqId -1: HMDS data farm connection is broken:euhmds
2026-02-23 10:15:46,092 - INFO - Warning 2106, reqId -1: HMDS data farm connection is OK:fundfarm
2026-02-23 10:15:46,092 - INFO - Warning 2106, reqId -1: HMDS data farm connection is OK:ushmds
2026-02-23 10:15:46,101 - INFO - Warning 2158, reqId -1: Sec-def data farm connection is OK:secdefnj
2026-02-23 10:15:46,101 - INFO - API connection ready
2026-02-23 10:15:46,225 - INFO - Synchronization complete
2026-02-23 10:15:46,225 - INFO - Connected to IB at 127.0.0.1:9000
2026-02-23 10:15:46,455 - INFO - Market is open. Scanning for signals...
2026-02-23 10:15:46,455 - INFO - Scanning 412 stocks...
2026-02-23 10:16:02,952 - ERROR - Error 200, reqId 49: No security definition has been found for the request, contract: Stock(symbol='ANSS', exchange='SMART', currency='USD')
2026-02-23 10:16:02,952 - WARNING - Unknown contract: Stock(symbol='ANSS', exchange='SMART', currency='USD')
2026-02-23 10:16:02,969 - ERROR - Error 200, reqId 50: No security definition has been found for the request, contract: Stock(symbol='ANSS', exchange='SMART', currency='USD')
2026-02-23 10:16:04,886 - INFO - Signal found: LONG APD @ $283.71, Breakout Vol: 1.67x, Retest Vol: 0.90x
2026-02-23 10:16:06,835 - ERROR - Error 200, reqId 61: No security definition has been found for the request, contract: Stock(symbol='ATVI', exchange='SMART', currency='USD')
2026-02-23 10:16:06,843 - WARNING - Unknown contract: Stock(symbol='ATVI', exchange='SMART', currency='USD')
2026-02-23 10:16:06,860 - ERROR - Error 200, reqId 62: No security definition has been found for the request, contract: Stock(symbol='ATVI', exchange='SMART', currency='USD')
2026-02-23 10:16:13,532 - ERROR - Error 200, reqId 81: No security definition has been found for the request, contract: Stock(symbol='BF-B', exchange='SMART', currency='USD')
2026-02-23 10:16:13,532 - WARNING - Unknown contract: Stock(symbol='BF-B', exchange='SMART', currency='USD')
2026-02-23 10:16:13,549 - ERROR - Error 200, reqId 82: No security definition has been found for the request, contract: Stock(symbol='BF-B', exchange='SMART', currency='USD')
2026-02-23 10:16:26,021 - INFO - Signal found: SHORT CBRE @ $145.37, Breakout Vol: 3.91x, Retest Vol: 1.21x
2026-02-23 10:16:41,015 - INFO - Signal found: LONG CMS @ $76.49, Breakout Vol: 1.71x, Retest Vol: 0.96x
2026-02-23 10:16:52,399 - ERROR - Error 200, reqId 185: No security definition has been found for the request, contract: Stock(symbol='CYBR', exchange='SMART', currency='USD')
2026-02-23 10:16:52,399 - WARNING - Unknown contract: Stock(symbol='CYBR', exchange='SMART', currency='USD')
2026-02-23 10:16:52,423 - ERROR - Error 200, reqId 186: No security definition has been found for the request, contract: Stock(symbol='CYBR', exchange='SMART', currency='USD')
2026-02-23 10:17:00,909 - INFO - Signal found: LONG DLR @ $176.03, Breakout Vol: 2.03x, Retest Vol: 1.24x
2026-02-23 10:17:02,337 - ERROR - Error 200, reqId 211: No security definition has been found for the request, contract: Stock(symbol='DNKN', exchange='SMART', currency='USD')
2026-02-23 10:17:02,337 - WARNING - Unknown contract: Stock(symbol='DNKN', exchange='SMART', currency='USD')
2026-02-23 10:17:02,501 - ERROR - Error 200, reqId 212: No security definition has been found for the request, contract: Stock(symbol='DNKN', exchange='SMART', currency='USD')
2026-02-23 10:17:46,532 - ERROR - Error 200, reqId 325: No security definition has been found for the request, contract: Stock(symbol='HBI', exchange='SMART', currency='USD')
2026-02-23 10:17:46,532 - WARNING - Unknown contract: Stock(symbol='HBI', exchange='SMART', currency='USD')
2026-02-23 10:17:46,556 - ERROR - Error 200, reqId 326: No security definition has been found for the request, contract: Stock(symbol='HBI', exchange='SMART', currency='USD')
2026-02-23 10:17:47,424 - ERROR - Error 200, reqId 329: No security definition has been found for the request, contract: Stock(symbol='HES', exchange='SMART', currency='USD')
2026-02-23 10:17:47,424 - WARNING - Unknown contract: Stock(symbol='HES', exchange='SMART', currency='USD')
2026-02-23 10:17:47,440 - ERROR - Error 200, reqId 330: No security definition has been found for the request, contract: Stock(symbol='HES', exchange='SMART', currency='USD')
2026-02-23 10:17:54,419 - INFO - Signal found: SHORT ICE @ $152.66, Breakout Vol: 2.24x, Retest Vol: 0.63x
2026-02-23 10:18:00,952 - ERROR - Error 200, reqId 365: No security definition has been found for the request, contract: Stock(symbol='IPG', exchange='SMART', currency='USD')
2026-02-23 10:18:00,952 - WARNING - Unknown contract: Stock(symbol='IPG', exchange='SMART', currency='USD')
2026-02-23 10:18:00,968 - ERROR - Error 200, reqId 366: No security definition has been found for the request, contract: Stock(symbol='IPG', exchange='SMART', currency='USD')
2026-02-23 10:18:06,365 - ERROR - Error 200, reqId 381: No security definition has been found for the request, contract: Stock(symbol='K', exchange='SMART', currency='USD')
2026-02-23 10:18:06,365 - WARNING - Unknown contract: Stock(symbol='K', exchange='SMART', currency='USD')
2026-02-23 10:18:06,389 - ERROR - Error 200, reqId 382: No security definition has been found for the request, contract: Stock(symbol='K', exchange='SMART', currency='USD')
2026-02-23 10:18:14,515 - INFO - Signal found: SHORT LDOS @ $171.50, Breakout Vol: 1.71x, Retest Vol: 1.34x
2026-02-23 10:18:19,824 - ERROR - Error 200, reqId 417: No security definition has been found for the request, contract: Stock(symbol='LNW', exchange='SMART', currency='USD')
2026-02-23 10:18:19,832 - WARNING - Unknown contract: Stock(symbol='LNW', exchange='SMART', currency='USD')
2026-02-23 10:18:19,849 - ERROR - Error 200, reqId 418: No security definition has been found for the request, contract: Stock(symbol='LNW', exchange='SMART', currency='USD')
2026-02-23 10:18:37,704 - ERROR - Error 200, reqId 465: No security definition has been found for the request, contract: Stock(symbol='MMC', exchange='SMART', currency='USD')
2026-02-23 10:18:37,704 - WARNING - Unknown contract: Stock(symbol='MMC', exchange='SMART', currency='USD')
2026-02-23 10:18:37,721 - ERROR - Error 200, reqId 466: No security definition has been found for the request, contract: Stock(symbol='MMC', exchange='SMART', currency='USD')
2026-02-23 10:18:43,401 - ERROR - Error 200, reqId 481: No security definition has been found for the request, contract: Stock(symbol='MRO', exchange='SMART', currency='USD')
2026-02-23 10:18:43,401 - WARNING - Unknown contract: Stock(symbol='MRO', exchange='SMART', currency='USD')
2026-02-23 10:18:43,430 - ERROR - Error 200, reqId 482: No security definition has been found for the request, contract: Stock(symbol='MRO', exchange='SMART', currency='USD')
2026-02-23 10:18:48,942 - INFO - Signal found: LONG NCLH @ $23.73, Breakout Vol: 1.51x, Retest Vol: 0.86x
2026-02-23 10:18:50,679 - INFO - Signal found: SHORT NDAQ @ $80.27, Breakout Vol: 3.11x, Retest Vol: 1.42x
2026-02-23 10:18:56,602 - ERROR - Error 200, reqId 517: No security definition has been found for the request, contract: Stock(symbol='NOVA', exchange='SMART', currency='USD')
2026-02-23 10:18:56,602 - WARNING - Unknown contract: Stock(symbol='NOVA', exchange='SMART', currency='USD')
2026-02-23 10:18:56,635 - ERROR - Error 200, reqId 518: No security definition has been found for the request, contract: Stock(symbol='NOVA', exchange='SMART', currency='USD')
2026-02-23 10:19:09,543 - INFO - Signal found: SHORT ORLY @ $94.58, Breakout Vol: 1.99x, Retest Vol: 1.02x
2026-02-23 10:19:11,589 - ERROR - Error 200, reqId 557: No security definition has been found for the request, contract: Stock(symbol='PARA', exchange='SMART', currency='USD')
2026-02-23 10:19:11,589 - WARNING - Unknown contract: Stock(symbol='PARA', exchange='SMART', currency='USD')
2026-02-23 10:19:11,621 - ERROR - Error 200, reqId 558: No security definition has been found for the request, contract: Stock(symbol='PARA', exchange='SMART', currency='USD')
2026-02-23 10:26:23,818 - ERROR - Error 1100, reqId -1: Connectivity between IBKR and Trader Workstation has been lost.
2026-02-23 10:26:23,818 - WARNING - reqHistoricalData: Timeout for Stock(conId=49588376, symbol='PM', exchange='SMART', primaryExchange='NYSE', currency='USD', localSymbol='PM', tradingClass='PM')
2026-02-23 10:26:23,893 - ERROR - Error 162, reqId 586: Historical Market Data Service error message:API historical data query cancelled: 586, contract: Stock(conId=49588376, symbol='PM', exchange='SMART', primaryExchange='NYSE', currency='USD', localSymbol='PM', tradingClass='PM')
2026-02-23 10:26:24,485 - INFO - Warning 2103, reqId -1: Market data farm connection is broken:usfarm
2026-02-23 10:26:24,637 - INFO - Warning 2103, reqId -1: Market data farm connection is broken:cashfarm
2026-02-23 10:26:24,805 - INFO - Warning 2105, reqId -1: HMDS data farm connection is broken:fundfarm
2026-02-23 10:26:24,979 - INFO - Warning 2105, reqId -1: HMDS data farm connection is broken:ushmds
2026-02-23 10:26:25,142 - INFO - Warning 2103, reqId -1: Market data farm connection is broken:usfarm.nj
2026-02-23 10:26:25,528 - INFO - Warning 2157, reqId -1: Sec-def data farm connection is broken:secdefnj
2026-02-23 10:32:56,548 - ERROR - Error 1100, reqId -1: Connectivity between IBKR and Trader Workstation has been lost.
2026-02-23 10:32:57,646 - INFO - Warning 2106, reqId -1: HMDS data farm connection is OK:fundfarm
2026-02-23 10:32:57,655 - INFO - Warning 2106, reqId -1: HMDS data farm connection is OK:ushmds
2026-02-23 10:32:57,669 - INFO - Warning 2158, reqId -1: Sec-def data farm connection is OK:secdefnj
2026-02-23 10:32:57,851 - INFO - Warning 2104, reqId -1: Market data farm connection is OK:cashfarm
2026-02-23 10:32:57,941 - INFO - Warning 2104, reqId -1: Market data farm connection is OK:usfarm
2026-02-23 10:32:58,030 - INFO - Warning 2104, reqId -1: Market data farm connection is OK:usfarm.nj
