2026-02-15 21:19:57,176 - INFO - Bot initialized with 412 stocks to monitor
2026-02-15 21:19:58,646 - INFO - Starting trading bot...
2026-02-15 21:19:58,647 - INFO - Connecting to 127.0.0.1:9000 with clientId 1...
2026-02-15 21:19:58,647 - INFO - Connected
2026-02-15 21:19:58,652 - INFO - Logged on to server version 176
2026-02-15 21:19:58,653 - INFO - Warning 2104, reqId -1: Market data farm connection is OK:usfarm.nj
2026-02-15 21:19:58,654 - INFO - Warning 2104, reqId -1: Market data farm connection is OK:cashfarm
2026-02-15 21:19:58,654 - INFO - Warning 2104, reqId -1: Market data farm connection is OK:usfarm
2026-02-15 21:19:58,655 - INFO - Warning 2106, reqId -1: HMDS data farm connection is OK:euhmds
2026-02-15 21:19:58,655 - INFO - Warning 2106, reqId -1: HMDS data farm connection is OK:fundfarm
2026-02-15 21:19:58,655 - INFO - Warning 2106, reqId -1: HMDS data farm connection is OK:ushmds
2026-02-15 21:19:58,655 - INFO - Warning 2158, reqId -1: Sec-def data farm connection is OK:secdefnj
2026-02-15 21:19:58,655 - INFO - API connection ready
2026-02-15 21:19:58,762 - INFO - Synchronization complete
2026-02-15 21:19:58,763 - INFO - Connected to IB at 127.0.0.1:9000
2026-02-15 21:19:58,841 - INFO - Market is closed. Next check in 15 minutes...
2026-02-15 21:20:22,175 - INFO - Bot stopped by user
2026-02-15 21:20:22,176 - INFO - Disconnecting from 127.0.0.1:9000, 128 B sent in 9 messages, 18.6 kB received in 394 messages, session time 25.0 s.
2026-02-15 21:20:22,176 - INFO - Disconnecting
2026-02-15 21:20:22,176 - INFO - Disconnected from IB
