2026-02-20 12:35:33,933 - INFO - Bot initialized with 412 stocks to monitor
2026-02-20 12:35:33,941 - INFO - Starting trading bot...
2026-02-20 12:35:33,941 - INFO - Connecting to 127.0.0.1:9000 with clientId 1...
2026-02-20 12:35:33,941 - INFO - Connected
2026-02-20 12:35:33,950 - INFO - Logged on to server version 176
2026-02-20 12:35:33,950 - INFO - Warning 2104, reqId -1: Market data farm connection is OK:usfarm.nj
2026-02-20 12:35:33,958 - INFO - Warning 2104, reqId -1: Market data farm connection is OK:usopt.nj
2026-02-20 12:35:33,958 - INFO - Warning 2104, reqId -1: Market data farm connection is OK:cashfarm
2026-02-20 12:35:33,958 - INFO - API connection ready
2026-02-20 12:35:33,958 - INFO - Warning 2104, reqId -1: Market data farm connection is OK:usfarm
2026-02-20 12:35:33,958 - INFO - Warning 2106, reqId -1: HMDS data farm connection is OK:euhmds
2026-02-20 12:35:33,958 - INFO - Warning 2106, reqId -1: HMDS data farm connection is OK:fundfarm
2026-02-20 12:35:33,958 - INFO - Warning 2106, reqId -1: HMDS data farm connection is OK:ushmds
2026-02-20 12:35:33,958 - INFO - Warning 2158, reqId -1: Sec-def data farm connection is OK:secdefnj
2026-02-20 12:35:34,082 - INFO - Synchronization complete
2026-02-20 12:35:34,082 - INFO - Connected to IB at 127.0.0.1:9000
2026-02-20 12:35:34,289 - INFO - Market is open. Scanning for signals...
2026-02-20 12:35:34,289 - INFO - Scanning 412 stocks...
2026-02-20 12:35:41,217 - INFO - Signal found: SHORT ABNB @ $126.21
2026-02-20 12:36:06,008 - INFO - Signal found: LONG ALL @ $204.22
2026-02-20 12:36:21,143 - ERROR - Error 200, reqId 49: No security definition has been found for the request, contract: Stock(symbol='ANSS', exchange='SMART', currency='USD')
2026-02-20 12:36:21,143 - WARNING - Unknown contract: Stock(symbol='ANSS', exchange='SMART', currency='USD')
2026-02-20 12:36:21,376 - ERROR - Error 200, reqId 50: No security definition has been found for the request, contract: Stock(symbol='ANSS', exchange='SMART', currency='USD')
2026-02-20 12:36:27,317 - INFO - Signal found: LONG APD @ $281.10
2026-02-20 12:36:32,077 - ERROR - Error 200, reqId 61: No security definition has been found for the request, contract: Stock(symbol='ATVI', exchange='SMART', currency='USD')
2026-02-20 12:36:32,077 - WARNING - Unknown contract: Stock(symbol='ATVI', exchange='SMART', currency='USD')
2026-02-20 12:36:32,299 - ERROR - Error 200, reqId 62: No security definition has been found for the request, contract: Stock(symbol='ATVI', exchange='SMART', currency='USD')
2026-02-20 12:36:51,693 - ERROR - Error 200, reqId 81: No security definition has been found for the request, contract: Stock(symbol='BF-B', exchange='SMART', currency='USD')
2026-02-20 12:36:51,693 - WARNING - Unknown contract: Stock(symbol='BF-B', exchange='SMART', currency='USD')
2026-02-20 12:36:51,910 - ERROR - Error 200, reqId 82: No security definition has been found for the request, contract: Stock(symbol='BF-B', exchange='SMART', currency='USD')
2026-02-20 12:37:04,465 - INFO - Signal found: LONG BLK @ $1082.20
2026-02-20 12:37:18,735 - INFO - Signal found: SHORT CAG @ $18.46
2026-02-20 12:37:29,028 - INFO - Signal found: SHORT CBRE @ $146.96
2026-02-20 12:37:33,590 - INFO - Bot stopped by user
2026-02-20 12:37:33,596 - INFO - Disconnecting from 127.0.0.1:9000, 8.07 kB sent in 130 messages, 902 kB received in 576 messages, session time 120 s.
2026-02-20 12:37:33,596 - INFO - Disconnecting
2026-02-20 12:37:33,596 - INFO - Disconnected from IB
2026-02-20 12:37:36,613 - ERROR - Task was destroyed but it is pending!
task: <Task pending name='Task-129' coro=<IB.qualifyContractsAsync() running at C:\Users\moham\AppData\Local\Packages\PythonSoftwareFoundation.Python.3.11_qbz5n2kfra8p0\LocalCache\local-packages\Python311\site-packages\ib_insync\ib.py:1798> wait_for=<_GatheringFuture pending cb=[Task.task_wakeup()]>>
