2026-02-20 12:32:54,338 - INFO - Bot initialized with 412 stocks to monitor
2026-02-20 12:32:54,345 - INFO - Starting trading bot...
2026-02-20 12:32:54,348 - INFO - Connecting to 127.0.0.1:9000 with clientId 1...
2026-02-20 12:32:54,348 - INFO - Connected
2026-02-20 12:32:54,353 - INFO - Logged on to server version 176
2026-02-20 12:32:54,353 - INFO - Warning 2104, reqId -1: Market data farm connection is OK:usfarm.nj
2026-02-20 12:32:54,353 - INFO - Warning 2104, reqId -1: Market data farm connection is OK:usopt.nj
2026-02-20 12:32:54,353 - INFO - Warning 2104, reqId -1: Market data farm connection is OK:cashfarm
2026-02-20 12:32:54,358 - INFO - Warning 2104, reqId -1: Market data farm connection is OK:usfarm
2026-02-20 12:32:54,358 - INFO - Warning 2106, reqId -1: HMDS data farm connection is OK:euhmds
2026-02-20 12:32:54,358 - INFO - Warning 2106, reqId -1: HMDS data farm connection is OK:fundfarm
2026-02-20 12:32:54,358 - INFO - Warning 2106, reqId -1: HMDS data farm connection is OK:ushmds
2026-02-20 12:32:54,362 - INFO - Warning 2158, reqId -1: Sec-def data farm connection is OK:secdefnj
2026-02-20 12:32:54,362 - INFO - API connection ready
2026-02-20 12:32:54,479 - INFO - Synchronization complete
2026-02-20 12:32:54,479 - INFO - Connected to IB at 127.0.0.1:9000
2026-02-20 12:32:54,602 - INFO - Market is open. Scanning for signals...
2026-02-20 12:32:54,602 - INFO - Scanning 412 stocks...
2026-02-20 12:32:55,513 - ERROR - Bot error: BreakoutRetestDetector._analyze_pattern() takes 1 positional argument but 2 were given
2026-02-20 12:32:55,513 - INFO - Disconnecting from 127.0.0.1:9000, 261 B sent in 11 messages, 33.8 kB received in 402 messages, session time 1.17 s.
2026-02-20 12:32:55,513 - INFO - Disconnecting
2026-02-20 12:32:55,513 - INFO - Disconnected from IB
